<?xml version="1.0" encoding="UTF-8"?>
<!-- Generated by org.testng.reporters.JUnitReportReporter -->
<testsuite hostname="DESKTOP-MG03N7G" failures="0" tests="1" name="com.lotustms.testcase.customerManagement_testCase" time="37.656" errors="0" timestamp="2022-09-22T12:57:27 IST" skipped="0">
  <testcase classname="com.lotustms.testcase.customerManagement_testCase" name="Tc_Customer_011" time="37.656"/>
  <system-out/>
</testsuite> <!-- com.lotustms.testcase.customerManagement_testCase -->
