<?xml version="1.0" encoding="UTF-8"?>
<!-- Generated by org.testng.reporters.JUnitReportReporter -->
<testsuite hostname="DESKTOP-MG03N7G" failures="0" tests="19" name="com.lotustms.testcase.containerOwnerManagement_testCase" time="528.833" errors="0" timestamp="2022-09-22T15:23:45 IST" skipped="0">
  <testcase classname="com.lotustms.testcase.containerOwnerManagement_testCase" name="Tc_ContainerOwnerManagement_001" time="18.783"/>
  <system-out/>
  <testcase classname="com.lotustms.testcase.containerOwnerManagement_testCase" name="Tc_ContainerOwnerManagement_002" time="20.691"/>
  <system-out/>
  <testcase classname="com.lotustms.testcase.containerOwnerManagement_testCase" name="Tc_ContainerOwnerManagement_003" time="23.417"/>
  <system-out/>
  <testcase classname="com.lotustms.testcase.containerOwnerManagement_testCase" name="Tc_ContainerOwnerManagement_004" time="35.090"/>
  <system-out/>
  <testcase classname="com.lotustms.testcase.containerOwnerManagement_testCase" name="Tc_ContainerOwnerManagement_005" time="45.283"/>
  <system-out/>
  <testcase classname="com.lotustms.testcase.containerOwnerManagement_testCase" name="Tc_ContainerOwnerManagement_006" time="25.133"/>
  <system-out/>
  <testcase classname="com.lotustms.testcase.containerOwnerManagement_testCase" name="Tc_ContainerOwnerManagement_007" time="21.034"/>
  <system-out/>
  <testcase classname="com.lotustms.testcase.containerOwnerManagement_testCase" name="Tc_ContainerOwnerManagement_008" time="53.041"/>
  <system-out/>
  <testcase classname="com.lotustms.testcase.containerOwnerManagement_testCase" name="Tc_ContainerOwnerManagement_009" time="50.333"/>
  <system-out/>
  <testcase classname="com.lotustms.testcase.containerOwnerManagement_testCase" name="Tc_ContainerOwnerManagement_010" time="23.083"/>
  <system-out/>
  <testcase classname="com.lotustms.testcase.containerOwnerManagement_testCase" name="Tc_ContainerOwnerManagement_011" time="57.935"/>
  <system-out/>
  <testcase classname="com.lotustms.testcase.containerOwnerManagement_testCase" name="Tc_ContainerOwnerManagement_012" time="20.407"/>
  <system-out/>
  <testcase classname="com.lotustms.testcase.containerOwnerManagement_testCase" name="Tc_ContainerOwnerManagement_013" time="20.627"/>
  <system-out/>
  <testcase classname="com.lotustms.testcase.containerOwnerManagement_testCase" name="Tc_ContainerOwnerManagement_014" time="18.270"/>
  <system-out/>
  <testcase classname="com.lotustms.testcase.containerOwnerManagement_testCase" name="Tc_ContainerOwnerManagement_015" time="18.279"/>
  <system-out/>
  <testcase classname="com.lotustms.testcase.containerOwnerManagement_testCase" name="Tc_ContainerOwnerManagement_016" time="19.051"/>
  <system-out/>
  <testcase classname="com.lotustms.testcase.containerOwnerManagement_testCase" name="Tc_ContainerOwnerManagement_017" time="18.435"/>
  <system-out/>
  <testcase classname="com.lotustms.testcase.containerOwnerManagement_testCase" name="Tc_ContainerOwnerManagement_018" time="18.965"/>
  <system-out/>
  <testcase classname="com.lotustms.testcase.containerOwnerManagement_testCase" name="Tc_ContainerOwnerManagement_019" time="20.976"/>
  <system-out/>
</testsuite> <!-- com.lotustms.testcase.containerOwnerManagement_testCase -->
