<?xml version="1.0" encoding="UTF-8"?>
<!-- Generated by org.testng.reporters.JUnitReportReporter -->
<testsuite hostname="DESKTOP-MG03N7G" failures="0" tests="11" name="com.lotustms.testcase.locationManagement_testCase" time="255.900" errors="0" timestamp="2022-09-12T16:11:27 IST" skipped="0">
  <testcase classname="com.lotustms.testcase.locationManagement_testCase" name="Tc_Customer_001" time="18.785"/>
  <system-out/>
  <testcase classname="com.lotustms.testcase.locationManagement_testCase" name="Tc_Customer_002" time="19.625"/>
  <system-out/>
  <testcase classname="com.lotustms.testcase.locationManagement_testCase" name="Tc_Customer_003" time="18.375"/>
  <system-out/>
  <testcase classname="com.lotustms.testcase.locationManagement_testCase" name="Tc_Customer_004" time="28.665"/>
  <system-out/>
  <testcase classname="com.lotustms.testcase.locationManagement_testCase" name="Tc_Customer_005" time="26.096"/>
  <system-out/>
  <testcase classname="com.lotustms.testcase.locationManagement_testCase" name="Tc_Customer_006" time="28.600"/>
  <system-out/>
  <testcase classname="com.lotustms.testcase.locationManagement_testCase" name="Tc_Customer_007" time="19.969"/>
  <system-out/>
  <testcase classname="com.lotustms.testcase.locationManagement_testCase" name="Tc_Customer_008" time="19.865"/>
  <system-out/>
  <testcase classname="com.lotustms.testcase.locationManagement_testCase" name="Tc_Customer_009" time="21.585"/>
  <system-out/>
  <testcase classname="com.lotustms.testcase.locationManagement_testCase" name="Tc_Customer_010" time="29.114"/>
  <system-out/>
  <testcase classname="com.lotustms.testcase.locationManagement_testCase" name="Tc_Customer_011" time="25.221"/>
  <system-out/>
</testsuite> <!-- com.lotustms.testcase.locationManagement_testCase -->
