<?xml version="1.0" encoding="UTF-8"?>
<!-- Generated by org.testng.reporters.JUnitReportReporter -->
<testsuite hostname="DESKTOP-MG03N7G" failures="0" tests="6" name="com.lotustms.testcase.Login_test_case" time="82.579" errors="0" timestamp="2022-09-20T15:38:49 IST" skipped="0">
  <testcase classname="com.lotustms.testcase.Login_test_case" name="Tc_Login_001" time="17.995"/>
  <system-out/>
  <testcase classname="com.lotustms.testcase.Login_test_case" name="Tc_Login_002" time="12.280"/>
  <system-out/>
  <testcase classname="com.lotustms.testcase.Login_test_case" name="Tc_Login_003" time="12.293"/>
  <system-out/>
  <testcase classname="com.lotustms.testcase.Login_test_case" name="Tc_Login_005" time="16.908"/>
  <system-out/>
  <testcase classname="com.lotustms.testcase.Login_test_case" name="Tc_Login_006" time="12.389"/>
  <system-out/>
  <testcase classname="com.lotustms.testcase.Login_test_case" name="Tc_Login_007" time="10.714"/>
  <system-out/>
</testsuite> <!-- com.lotustms.testcase.Login_test_case -->
