<?xml version="1.0" encoding="UTF-8"?>
<!-- Generated by org.testng.reporters.JUnitReportReporter -->
<testsuite hostname="DESKTOP-MG03N7G" failures="0" tests="1" name="com.lotustms.testcase.customerManagement_testCase" time="46.806" errors="0" timestamp="2022-09-08T14:44:30 IST" skipped="0">
  <testcase classname="com.lotustms.testcase.customerManagement_testCase" name="Tc_Customer_020" time="46.806"/>
  <system-out/>
</testsuite> <!-- com.lotustms.testcase.customerManagement_testCase -->
