<?xml version="1.0" encoding="UTF-8"?>
<!-- Generated by org.testng.reporters.JUnitReportReporter -->
<testsuite hostname="DESKTOP-MG03N7G" failures="0" tests="12" name="com.lotustms.testcase.chassisName_testCase" time="375.391" errors="0" timestamp="2022-09-22T13:11:14 IST" skipped="0">
  <testcase classname="com.lotustms.testcase.chassisName_testCase" name="Tc_Chassis_001" time="25.647"/>
  <system-out/>
  <testcase classname="com.lotustms.testcase.chassisName_testCase" name="Tc_Chassis_002" time="24.789"/>
  <system-out/>
  <testcase classname="com.lotustms.testcase.chassisName_testCase" name="Tc_Chassis_003" time="23.804"/>
  <system-out/>
  <testcase classname="com.lotustms.testcase.chassisName_testCase" name="Tc_Chassis_004" time="32.979"/>
  <system-out/>
  <testcase classname="com.lotustms.testcase.chassisName_testCase" name="Tc_Chassis_005" time="32.741"/>
  <system-out/>
  <testcase classname="com.lotustms.testcase.chassisName_testCase" name="Tc_Chassis_006" time="66.483"/>
  <system-out/>
  <testcase classname="com.lotustms.testcase.chassisName_testCase" name="Tc_Chassis_007" time="25.904"/>
  <system-out/>
  <testcase classname="com.lotustms.testcase.chassisName_testCase" name="Tc_Chassis_008" time="28.966"/>
  <system-out/>
  <testcase classname="com.lotustms.testcase.chassisName_testCase" name="Tc_Chassis_009" time="24.726"/>
  <system-out/>
  <testcase classname="com.lotustms.testcase.chassisName_testCase" name="Tc_Chassis_010" time="26.545"/>
  <system-out/>
  <testcase classname="com.lotustms.testcase.chassisName_testCase" name="Tc_Chassis_011" time="23.882"/>
  <system-out/>
  <testcase classname="com.lotustms.testcase.chassisName_testCase" name="Tc_Chassis_012" time="38.925"/>
  <system-out/>
</testsuite> <!-- com.lotustms.testcase.chassisName_testCase -->
