<?xml version="1.0" encoding="UTF-8"?>
<!-- Generated by org.testng.reporters.JUnitReportReporter -->
<testsuite hostname="DESKTOP-MG03N7G" failures="0" tests="12" name="com.lotustms.testcase.chassisName_testCase" time="402.014" errors="0" timestamp="2022-09-12T11:10:08 IST" skipped="0">
  <testcase classname="com.lotustms.testcase.chassisName_testCase" name="Tc_Customer_001" time="23.739"/>
  <system-out/>
  <testcase classname="com.lotustms.testcase.chassisName_testCase" name="Tc_Customer_002" time="33.390"/>
  <system-out/>
  <testcase classname="com.lotustms.testcase.chassisName_testCase" name="Tc_Customer_003" time="29.839"/>
  <system-out/>
  <testcase classname="com.lotustms.testcase.chassisName_testCase" name="Tc_Customer_004" time="37.500"/>
  <system-out/>
  <testcase classname="com.lotustms.testcase.chassisName_testCase" name="Tc_Customer_005" time="32.365"/>
  <system-out/>
  <testcase classname="com.lotustms.testcase.chassisName_testCase" name="Tc_Customer_006" time="62.021"/>
  <system-out/>
  <testcase classname="com.lotustms.testcase.chassisName_testCase" name="Tc_Customer_007" time="25.352"/>
  <system-out/>
  <testcase classname="com.lotustms.testcase.chassisName_testCase" name="Tc_Customer_008" time="29.044"/>
  <system-out/>
  <testcase classname="com.lotustms.testcase.chassisName_testCase" name="Tc_Customer_009" time="31.628"/>
  <system-out/>
  <testcase classname="com.lotustms.testcase.chassisName_testCase" name="Tc_Customer_010" time="30.821"/>
  <system-out/>
  <testcase classname="com.lotustms.testcase.chassisName_testCase" name="Tc_Customer_011" time="27.069"/>
  <system-out/>
  <testcase classname="com.lotustms.testcase.chassisName_testCase" name="Tc_Customer_012" time="39.246"/>
  <system-out/>
</testsuite> <!-- com.lotustms.testcase.chassisName_testCase -->
