<?xml version="1.0" encoding="UTF-8"?>
<!-- Generated by org.testng.reporters.JUnitReportReporter -->
<testsuite hostname="DESKTOP-MG03N7G" failures="0" tests="11" name="com.lotustms.testcase.locationManagement_testCase" time="270.775" errors="0" timestamp="2022-09-22T15:00:02 IST" skipped="0">
  <testcase classname="com.lotustms.testcase.locationManagement_testCase" name="Tc_Location_001" time="19.561"/>
  <system-out/>
  <testcase classname="com.lotustms.testcase.locationManagement_testCase" name="Tc_Location_002" time="20.399"/>
  <system-out/>
  <testcase classname="com.lotustms.testcase.locationManagement_testCase" name="Tc_Location_003" time="19.827"/>
  <system-out/>
  <testcase classname="com.lotustms.testcase.locationManagement_testCase" name="Tc_Location_004" time="28.948"/>
  <system-out/>
  <testcase classname="com.lotustms.testcase.locationManagement_testCase" name="Tc_Location_005" time="29.258"/>
  <system-out/>
  <testcase classname="com.lotustms.testcase.locationManagement_testCase" name="Tc_Location_006" time="29.899"/>
  <system-out/>
  <testcase classname="com.lotustms.testcase.locationManagement_testCase" name="Tc_Location_007" time="24.721"/>
  <system-out/>
  <testcase classname="com.lotustms.testcase.locationManagement_testCase" name="Tc_Location_008" time="20.050"/>
  <system-out/>
  <testcase classname="com.lotustms.testcase.locationManagement_testCase" name="Tc_Location_009" time="22.797"/>
  <system-out/>
  <testcase classname="com.lotustms.testcase.locationManagement_testCase" name="Tc_Location_010" time="29.686"/>
  <system-out/>
  <testcase classname="com.lotustms.testcase.locationManagement_testCase" name="Tc_Location_011" time="25.629"/>
  <system-out/>
</testsuite> <!-- com.lotustms.testcase.locationManagement_testCase -->
