<?xml version="1.0" encoding="UTF-8"?>
<!-- Generated by org.testng.reporters.JUnitReportReporter -->
<testsuite hostname="DESKTOP-MG03N7G" failures="0" tests="12" name="com.lotustms.testcase.EquipmentManagement_testCase" time="418.522" errors="0" timestamp="2022-09-27T16:18:52 IST" skipped="0">
  <testcase classname="com.lotustms.testcase.EquipmentManagement_testCase" name="Tc_EquipmentManagement_001" time="41.212"/>
  <system-out/>
  <testcase classname="com.lotustms.testcase.EquipmentManagement_testCase" name="Tc_EquipmentManagement_002" time="26.226"/>
  <system-out/>
  <testcase classname="com.lotustms.testcase.EquipmentManagement_testCase" name="Tc_EquipmentManagement_003" time="31.808"/>
  <system-out/>
  <testcase classname="com.lotustms.testcase.EquipmentManagement_testCase" name="Tc_EquipmentManagement_004" time="59.337"/>
  <system-out/>
  <testcase classname="com.lotustms.testcase.EquipmentManagement_testCase" name="Tc_EquipmentManagement_005" time="33.803"/>
  <system-out/>
  <testcase classname="com.lotustms.testcase.EquipmentManagement_testCase" name="Tc_EquipmentManagement_006" time="33.053"/>
  <system-out/>
  <testcase classname="com.lotustms.testcase.EquipmentManagement_testCase" name="Tc_EquipmentManagement_007" time="28.170"/>
  <system-out/>
  <testcase classname="com.lotustms.testcase.EquipmentManagement_testCase" name="Tc_EquipmentManagement_008" time="32.995"/>
  <system-out/>
  <testcase classname="com.lotustms.testcase.EquipmentManagement_testCase" name="Tc_EquipmentManagement_009" time="27.232"/>
  <system-out/>
  <testcase classname="com.lotustms.testcase.EquipmentManagement_testCase" name="Tc_EquipmentManagement_010" time="29.563"/>
  <system-out/>
  <testcase classname="com.lotustms.testcase.EquipmentManagement_testCase" name="Tc_EquipmentManagement_011" time="48.256"/>
  <system-out/>
  <testcase classname="com.lotustms.testcase.EquipmentManagement_testCase" name="Tc_EquipmentManagement_012" time="26.867"/>
  <system-out/>
</testsuite> <!-- com.lotustms.testcase.EquipmentManagement_testCase -->
