<?xml version="1.0" encoding="UTF-8"?>
<!-- Generated by org.testng.reporters.JUnitReportReporter -->
<testsuite hostname="DESKTOP-MG03N7G" failures="0" tests="19" name="com.lotustms.testcase.containerOwnerManagement_testCase" time="984.060" errors="0" timestamp="2022-09-27T16:59:07 IST" skipped="0">
  <testcase classname="com.lotustms.testcase.containerOwnerManagement_testCase" name="Tc_ContainerOwnerManagement_001" time="45.333"/>
  <system-out/>
  <testcase classname="com.lotustms.testcase.containerOwnerManagement_testCase" name="Tc_ContainerOwnerManagement_002" time="60.082"/>
  <system-out/>
  <testcase classname="com.lotustms.testcase.containerOwnerManagement_testCase" name="Tc_ContainerOwnerManagement_003" time="37.828"/>
  <system-out/>
  <testcase classname="com.lotustms.testcase.containerOwnerManagement_testCase" name="Tc_ContainerOwnerManagement_004" time="81.012"/>
  <system-out/>
  <testcase classname="com.lotustms.testcase.containerOwnerManagement_testCase" name="Tc_ContainerOwnerManagement_005" time="66.016"/>
  <system-out/>
  <testcase classname="com.lotustms.testcase.containerOwnerManagement_testCase" name="Tc_ContainerOwnerManagement_006" time="48.772"/>
  <system-out/>
  <testcase classname="com.lotustms.testcase.containerOwnerManagement_testCase" name="Tc_ContainerOwnerManagement_007" time="33.554"/>
  <system-out/>
  <testcase classname="com.lotustms.testcase.containerOwnerManagement_testCase" name="Tc_ContainerOwnerManagement_008" time="79.970"/>
  <system-out/>
  <testcase classname="com.lotustms.testcase.containerOwnerManagement_testCase" name="Tc_ContainerOwnerManagement_009" time="88.195"/>
  <system-out/>
  <testcase classname="com.lotustms.testcase.containerOwnerManagement_testCase" name="Tc_ContainerOwnerManagement_010" time="42.568"/>
  <system-out/>
  <testcase classname="com.lotustms.testcase.containerOwnerManagement_testCase" name="Tc_ContainerOwnerManagement_011" time="72.772"/>
  <system-out/>
  <testcase classname="com.lotustms.testcase.containerOwnerManagement_testCase" name="Tc_ContainerOwnerManagement_012" time="34.269"/>
  <system-out/>
  <testcase classname="com.lotustms.testcase.containerOwnerManagement_testCase" name="Tc_ContainerOwnerManagement_013" time="30.854"/>
  <system-out/>
  <testcase classname="com.lotustms.testcase.containerOwnerManagement_testCase" name="Tc_ContainerOwnerManagement_014" time="46.483"/>
  <system-out/>
  <testcase classname="com.lotustms.testcase.containerOwnerManagement_testCase" name="Tc_ContainerOwnerManagement_015" time="35.188"/>
  <system-out/>
  <testcase classname="com.lotustms.testcase.containerOwnerManagement_testCase" name="Tc_ContainerOwnerManagement_016" time="32.714"/>
  <system-out/>
  <testcase classname="com.lotustms.testcase.containerOwnerManagement_testCase" name="Tc_ContainerOwnerManagement_017" time="31.961"/>
  <system-out/>
  <testcase classname="com.lotustms.testcase.containerOwnerManagement_testCase" name="Tc_ContainerOwnerManagement_018" time="44.247"/>
  <system-out/>
  <testcase classname="com.lotustms.testcase.containerOwnerManagement_testCase" name="Tc_ContainerOwnerManagement_019" time="72.242"/>
  <system-out/>
</testsuite> <!-- com.lotustms.testcase.containerOwnerManagement_testCase -->
