<?xml version="1.0" encoding="UTF-8"?>
<!-- Generated by org.testng.reporters.JUnitReportReporter -->
<testsuite hostname="DESKTOP-MG03N7G" failures="0" tests="12" name="com.lotustms.testcase.EquipmentManagement_testCase" time="357.956" errors="0" timestamp="2022-09-22T12:35:48 IST" skipped="0">
  <testcase classname="com.lotustms.testcase.EquipmentManagement_testCase" name="Tc_EquipmentManagement_001" time="26.026"/>
  <system-out/>
  <testcase classname="com.lotustms.testcase.EquipmentManagement_testCase" name="Tc_EquipmentManagement_002" time="25.533"/>
  <system-out/>
  <testcase classname="com.lotustms.testcase.EquipmentManagement_testCase" name="Tc_EquipmentManagement_003" time="29.978"/>
  <system-out/>
  <testcase classname="com.lotustms.testcase.EquipmentManagement_testCase" name="Tc_EquipmentManagement_004" time="54.938"/>
  <system-out/>
  <testcase classname="com.lotustms.testcase.EquipmentManagement_testCase" name="Tc_EquipmentManagement_005" time="30.015"/>
  <system-out/>
  <testcase classname="com.lotustms.testcase.EquipmentManagement_testCase" name="Tc_EquipmentManagement_006" time="30.029"/>
  <system-out/>
  <testcase classname="com.lotustms.testcase.EquipmentManagement_testCase" name="Tc_EquipmentManagement_007" time="27.401"/>
  <system-out/>
  <testcase classname="com.lotustms.testcase.EquipmentManagement_testCase" name="Tc_EquipmentManagement_008" time="27.609"/>
  <system-out/>
  <testcase classname="com.lotustms.testcase.EquipmentManagement_testCase" name="Tc_EquipmentManagement_009" time="24.407"/>
  <system-out/>
  <testcase classname="com.lotustms.testcase.EquipmentManagement_testCase" name="Tc_EquipmentManagement_010" time="28.224"/>
  <system-out/>
  <testcase classname="com.lotustms.testcase.EquipmentManagement_testCase" name="Tc_EquipmentManagement_011" time="25.801"/>
  <system-out/>
  <testcase classname="com.lotustms.testcase.EquipmentManagement_testCase" name="Tc_EquipmentManagement_012" time="27.995"/>
  <system-out/>
</testsuite> <!-- com.lotustms.testcase.EquipmentManagement_testCase -->
